TN:
SF:src\modules\appointments\services\CreateAppointmentService.ts
FN:15,(anonymous_18)
FN:16,CreateAppointmentService
FN:23,(anonymous_20)
FNF:3
FNH:3
FNDA:1,(anonymous_18)
FNDA:2,CreateAppointmentService
FNDA:3,(anonymous_20)
DA:1,1
DA:3,1
DA:7,1
DA:15,1
DA:18,2
DA:23,3
DA:26,3
DA:28,3
DA:30,3
DA:31,1
DA:35,2
DA:41,2
DA:43,1
DA:46,1
LF:14
LH:14
BRDA:30,0,0,1
BRDA:30,0,1,2
BRF:2
BRH:2
end_of_record
TN:
SF:src\modules\users\services\AuthenticateUserService.ts
FN:21,(anonymous_18)
FN:22,AuthenticateUserService
FN:30,(anonymous_20)
FNF:3
FNH:3
FNDA:1,(anonymous_18)
FNDA:1,AuthenticateUserService
FNDA:1,(anonymous_20)
DA:1,1
DA:2,1
DA:4,1
DA:5,1
DA:21,1
DA:24,1
DA:26,1
DA:30,1
DA:32,1
DA:34,1
DA:35,1
DA:38,0
DA:40,0
DA:41,0
DA:44,0
DA:45,0
DA:50,0
DA:55,1
DA:56,1
LF:19
LH:13
BRDA:32,0,0,1
BRDA:34,1,0,1
BRDA:34,1,1,0
BRDA:40,2,0,0
BRDA:40,2,1,0
BRF:5
BRH:2
end_of_record
TN:
SF:src\modules\users\services\CreateUserService.ts
FN:14,(anonymous_18)
FN:15,CreateUserService
FN:24,(anonymous_20)
FNF:3
FNH:3
FNDA:2,(anonymous_18)
FNDA:3,CreateUserService
FNDA:4,(anonymous_20)
DA:1,2
DA:2,2
DA:14,2
DA:17,3
DA:20,3
DA:24,4
DA:26,4
DA:28,4
DA:29,0
DA:32,4
DA:34,4
DA:41,4
DA:43,2
DA:45,2
LF:14
LH:13
BRDA:26,0,0,4
BRDA:28,1,0,0
BRDA:28,1,1,4
BRF:3
BRH:2
end_of_record
TN:
SF:src\modules\users\services\updateUserAvatarService.ts
FN:15,(anonymous_18)
FN:16,updateUserAvatarService
FN:22,(anonymous_20)
FNF:3
FNH:0
FNDA:0,(anonymous_18)
FNDA:0,updateUserAvatarService
FNDA:0,(anonymous_20)
DA:1,0
DA:2,0
DA:3,0
DA:4,0
DA:5,0
DA:15,0
DA:18,0
DA:22,0
DA:24,0
DA:26,0
DA:27,0
DA:29,0
DA:32,0
DA:33,0
DA:35,0
DA:36,0
DA:40,0
DA:42,0
DA:44,0
DA:46,0
DA:48,0
LF:21
LH:0
BRDA:24,0,0,0
BRDA:26,1,0,0
BRDA:26,1,1,0
BRDA:29,2,0,0
BRDA:29,2,1,0
BRDA:35,3,0,0
BRDA:35,3,1,0
BRF:7
BRH:0
end_of_record
