TN:
SF:src\modules\appointments\services\CreateAppointmentService.ts
FN:15,(anonymous_18)
FN:16,CreateAppointmentService
FN:23,(anonymous_20)
FNF:3
FNH:0
FNDA:0,(anonymous_18)
FNDA:0,CreateAppointmentService
FNDA:0,(anonymous_20)
DA:1,0
DA:3,0
DA:7,0
DA:15,0
DA:18,0
DA:23,0
DA:26,0
DA:28,0
DA:30,0
DA:31,0
DA:35,0
DA:41,0
DA:43,0
DA:46,0
LF:14
LH:0
BRDA:30,0,0,0
BRDA:30,0,1,0
BRF:2
BRH:0
end_of_record
TN:
SF:src\modules\users\services\AuthenticateUserService.ts
FN:21,(anonymous_18)
FN:22,AuthenticateUserService
FN:31,(anonymous_20)
FNF:3
FNH:0
FNDA:0,(anonymous_18)
FNDA:0,AuthenticateUserService
FNDA:0,(anonymous_20)
DA:1,0
DA:2,0
DA:4,0
DA:5,0
DA:21,0
DA:24,0
DA:26,0
DA:28,0
DA:29,0
DA:31,0
DA:33,0
DA:35,0
DA:36,0
DA:39,0
DA:41,0
DA:42,0
DA:45,0
DA:46,0
DA:51,0
DA:56,0
DA:57,0
LF:21
LH:0
BRDA:33,0,0,0
BRDA:35,1,0,0
BRDA:35,1,1,0
BRDA:41,2,0,0
BRDA:41,2,1,0
BRF:5
BRH:0
end_of_record
TN:
SF:src\modules\users\services\CreateUserService.ts
FN:14,(anonymous_18)
FN:15,CreateUserService
FN:24,(anonymous_20)
FNF:3
FNH:0
FNDA:0,(anonymous_18)
FNDA:0,CreateUserService
FNDA:0,(anonymous_20)
DA:1,0
DA:2,0
DA:14,0
DA:17,0
DA:20,0
DA:24,0
DA:26,0
DA:28,0
DA:29,0
DA:32,0
DA:34,0
DA:41,0
DA:43,0
DA:45,0
LF:14
LH:0
BRDA:26,0,0,0
BRDA:28,1,0,0
BRDA:28,1,1,0
BRF:3
BRH:0
end_of_record
TN:
SF:src\modules\users\services\ResetPasswordService.ts
FN:15,(anonymous_18)
FN:16,ResetPasswordService
FN:26,(anonymous_20)
FNF:3
FNH:0
FNDA:0,(anonymous_18)
FNDA:0,ResetPasswordService
FNDA:0,(anonymous_20)
DA:1,0
DA:2,0
DA:6,0
DA:15,0
DA:18,0
DA:21,0
DA:24,0
DA:26,0
DA:27,0
DA:29,0
DA:30,0
DA:33,0
DA:35,0
DA:36,0
DA:39,0
DA:40,0
DA:42,0
DA:43,0
DA:46,0
DA:48,0
DA:51,0
DA:53,0
LF:22
LH:0
BRDA:27,0,0,0
BRDA:29,1,0,0
BRDA:29,1,1,0
BRDA:35,2,0,0
BRDA:35,2,1,0
BRDA:42,3,0,0
BRDA:42,3,1,0
BRF:7
BRH:0
end_of_record
TN:
SF:src\modules\users\services\SendForgotPasswordEmailService.ts
FN:13,(anonymous_18)
FN:14,SendForgotPasswordEmailService
FN:27,(anonymous_20)
FNF:3
FNH:0
FNDA:0,(anonymous_18)
FNDA:0,SendForgotPasswordEmailService
FNDA:0,(anonymous_20)
DA:1,0
DA:2,0
DA:6,0
DA:13,0
DA:16,0
DA:19,0
DA:22,0
DA:27,0
DA:29,0
DA:31,0
DA:32,0
DA:35,0
DA:37,0
DA:39,0
DA:54,0
DA:56,0
LF:16
LH:0
BRDA:29,0,0,0
BRDA:31,1,0,0
BRDA:31,1,1,0
BRF:3
BRH:0
end_of_record
TN:
SF:src\modules\users\services\UpdateProfileService.ts
FN:15,(anonymous_18)
FN:16,UpdateProfile
FN:25,(anonymous_20)
FNF:3
FNH:3
FNDA:1,(anonymous_18)
FNDA:5,UpdateProfile
FNDA:5,(anonymous_20)
DA:1,1
DA:5,1
DA:15,1
DA:18,5
DA:21,5
DA:25,5
DA:26,5
DA:28,5
DA:29,0
DA:32,5
DA:33,5
DA:34,1
DA:37,4
DA:38,4
DA:40,4
DA:41,1
DA:45,4
DA:47,2
DA:49,2
DA:50,1
DA:53,1
DA:55,2
DA:57,1
DA:59,1
LF:24
LH:23
BRDA:26,0,0,5
BRDA:26,0,1,2
BRDA:28,1,0,0
BRDA:28,1,1,5
BRDA:33,2,0,1
BRDA:33,2,1,4
BRDA:33,3,0,5
BRDA:33,3,1,1
BRDA:40,4,0,1
BRDA:40,4,1,3
BRDA:40,5,0,4
BRDA:40,5,1,3
BRDA:45,6,0,1
BRDA:45,6,1,2
BRDA:45,7,0,3
BRDA:45,7,1,2
BRDA:49,8,0,1
BRDA:49,8,1,1
BRF:18
BRH:17
end_of_record
TN:
SF:src\modules\users\services\updateUserAvatarService.ts
FN:16,(anonymous_18)
FN:17,updateUserAvatarService
FN:26,(anonymous_20)
FNF:3
FNH:0
FNDA:0,(anonymous_18)
FNDA:0,updateUserAvatarService
FNDA:0,(anonymous_20)
DA:3,0
DA:4,0
DA:16,0
DA:19,0
DA:22,0
DA:26,0
DA:28,0
DA:30,0
DA:31,0
DA:33,0
DA:34,0
DA:37,0
DA:39,0
DA:41,0
DA:43,0
DA:45,0
DA:47,0
LF:17
LH:0
BRDA:28,0,0,0
BRDA:28,0,1,0
BRDA:30,1,0,0
BRDA:30,1,1,0
BRDA:33,2,0,0
BRDA:33,2,1,0
BRF:6
BRH:0
end_of_record
